<?xml version="1.0" encoding="UTF-8"?>
<testsuite name="com.kenzie.eventplanner.integration.Phase3Test" tests="2" skipped="0" failures="0" errors="0" timestamp="2023-12-01T02:32:39" hostname="dev-null" time="1.707">
  <properties/>
  <testcase name="getInvitesForOrganizerActivity_hasEvents_returnsEvents()" classname="com.kenzie.eventplanner.integration.Phase3Test" time="1.657"/>
  <testcase name="getInvitesForOrganizerActivity_noEvents_returnsEmptyLIst()" classname="com.kenzie.eventplanner.integration.Phase3Test" time="0.049"/>
  <system-out><![CDATA[]]></system-out>
  <system-err><![CDATA[]]></system-err>
</testsuite>
